layer 1
mlp grad for w
tensor([[-1.1156e-09,  8.3482e-10, -2.6792e-09, -4.9908e-09, -8.9714e-09,
          8.0907e-10,  1.5823e-08,  4.8376e-10, -2.4587e-09,  1.2990e-09],
        [-1.9988e-04,  1.4957e-04, -4.8003e-04, -8.9419e-04, -1.6074e-03,
          1.4496e-04,  2.8350e-03,  8.6674e-05, -4.4053e-04,  2.3274e-04],
        [-2.3042e-05,  1.7242e-05, -5.5336e-05, -1.0308e-04, -1.8529e-04,
          1.6710e-05,  3.2680e-04,  9.9914e-06, -5.0782e-05,  2.6829e-05],
        [-1.8747e-09,  1.4029e-09, -4.5023e-09, -8.3867e-09, -1.5076e-08,
          1.3596e-09,  2.6590e-08,  8.1293e-10, -4.1318e-09,  2.1829e-09],
        [ 1.2842e-06, -9.6093e-07,  3.0840e-06,  5.7447e-06,  1.0327e-05,
         -9.3129e-07, -1.8213e-05, -5.5684e-07,  2.8302e-06, -1.4952e-06],
        [ 9.2641e-05, -6.9323e-05,  2.2248e-04,  4.1443e-04,  7.4498e-04,
         -6.7185e-05, -1.3139e-03, -4.0171e-05,  2.0417e-04, -1.0787e-04],
        [-2.4274e-04,  1.8164e-04, -5.8294e-04, -1.0859e-03, -1.9520e-03,
          1.7604e-04,  3.4427e-03,  1.0526e-04, -5.3497e-04,  2.8263e-04],
        [-9.5575e-07,  7.1518e-07, -2.2953e-06, -4.2756e-06, -7.6857e-06,
          6.9312e-07,  1.3555e-05,  4.1443e-07, -2.1064e-06,  1.1128e-06],
        [ 7.8280e-05, -5.8576e-05,  1.8799e-04,  3.5019e-04,  6.2949e-04,
         -5.6770e-05, -1.1102e-03, -3.3944e-05,  1.7252e-04, -9.1146e-05],
        [ 1.2234e-06, -9.1546e-07,  2.9380e-06,  5.4729e-06,  9.8380e-06,
         -8.8723e-07, -1.7352e-05, -5.3049e-07,  2.6963e-06, -1.4245e-06]],
       dtype=torch.float64)
torch auto grad for w
tensor([[-1.1156e-09,  8.3482e-10, -2.6792e-09, -4.9908e-09, -8.9714e-09,
          8.0907e-10,  1.5823e-08,  4.8376e-10, -2.4587e-09,  1.2990e-09],
        [-1.9988e-04,  1.4957e-04, -4.8003e-04, -8.9419e-04, -1.6074e-03,
          1.4496e-04,  2.8350e-03,  8.6674e-05, -4.4053e-04,  2.3274e-04],
        [-2.3042e-05,  1.7242e-05, -5.5336e-05, -1.0308e-04, -1.8529e-04,
          1.6710e-05,  3.2680e-04,  9.9914e-06, -5.0782e-05,  2.6829e-05],
        [-1.8747e-09,  1.4029e-09, -4.5023e-09, -8.3867e-09, -1.5076e-08,
          1.3596e-09,  2.6590e-08,  8.1293e-10, -4.1318e-09,  2.1829e-09],
        [ 1.2842e-06, -9.6093e-07,  3.0840e-06,  5.7447e-06,  1.0327e-05,
         -9.3129e-07, -1.8213e-05, -5.5684e-07,  2.8302e-06, -1.4952e-06],
        [ 9.2641e-05, -6.9323e-05,  2.2248e-04,  4.1443e-04,  7.4498e-04,
         -6.7185e-05, -1.3139e-03, -4.0171e-05,  2.0417e-04, -1.0787e-04],
        [-2.4274e-04,  1.8164e-04, -5.8294e-04, -1.0859e-03, -1.9520e-03,
          1.7604e-04,  3.4427e-03,  1.0526e-04, -5.3497e-04,  2.8263e-04],
        [-9.5575e-07,  7.1518e-07, -2.2953e-06, -4.2756e-06, -7.6857e-06,
          6.9312e-07,  1.3555e-05,  4.1443e-07, -2.1064e-06,  1.1128e-06],
        [ 7.8280e-05, -5.8576e-05,  1.8799e-04,  3.5019e-04,  6.2949e-04,
         -5.6770e-05, -1.1102e-03, -3.3944e-05,  1.7252e-04, -9.1146e-05],
        [ 1.2234e-06, -9.1546e-07,  2.9380e-06,  5.4729e-06,  9.8380e-06,
         -8.8723e-07, -1.7352e-05, -5.3049e-07,  2.6963e-06, -1.4245e-06]],
       dtype=torch.float64)
mlp grad for b
tensor([[-6.9481e-09],
        [-1.2449e-03],
        [-1.4350e-04],
        [-1.1676e-08],
        [ 7.9978e-06],
        [ 5.7697e-04],
        [-1.5118e-03],
        [-5.9524e-06],
        [ 4.8753e-04],
        [ 7.6193e-06]], dtype=torch.float64)
torch auto grad for b
tensor([[-6.9481e-09],
        [-1.2449e-03],
        [-1.4350e-04],
        [-1.1676e-08],
        [ 7.9978e-06],
        [ 5.7697e-04],
        [-1.5118e-03],
        [-5.9524e-06],
        [ 4.8753e-04],
        [ 7.6193e-06]], dtype=torch.float64)
layer 2
mlp grad for w
tensor([[ 1.9457e-05, -8.7202e-06,  1.7473e-05, -1.9457e-05, -1.9386e-05,
          1.5794e-05,  5.5139e-06,  1.9209e-05,  1.7268e-05, -1.8773e-05],
        [ 8.6881e-04, -3.8938e-04,  7.8022e-04, -8.6880e-04, -8.6562e-04,
          7.0523e-04,  2.4621e-04,  8.5771e-04,  7.7104e-04, -8.3827e-04],
        [-8.3514e-05,  3.7429e-05, -7.4998e-05,  8.3513e-05,  8.3208e-05,
         -6.7790e-05, -2.3666e-05, -8.2447e-05, -7.4116e-05,  8.0578e-05],
        [-1.6830e-08,  7.5426e-09, -1.5114e-08,  1.6830e-08,  1.6768e-08,
         -1.3661e-08, -4.7693e-09, -1.6615e-08, -1.4936e-08,  1.6238e-08],
        [ 1.1451e-08, -5.1321e-09,  1.0283e-08, -1.1451e-08, -1.1409e-08,
          9.2951e-09,  3.2451e-09,  1.1305e-08,  1.0163e-08, -1.1049e-08],
        [ 4.5335e-04, -2.0318e-04,  4.0712e-04, -4.5334e-04, -4.5168e-04,
          3.6799e-04,  1.2847e-04,  4.4755e-04,  4.0233e-04, -4.3741e-04],
        [-4.3089e-05,  1.9311e-05, -3.8695e-05,  4.3088e-05,  4.2931e-05,
         -3.4976e-05, -1.2211e-05, -4.2538e-05, -3.8240e-05,  4.1574e-05],
        [-2.7834e-06,  1.2475e-06, -2.4996e-06,  2.7834e-06,  2.7732e-06,
         -2.2594e-06, -7.8877e-07, -2.7478e-06, -2.4702e-06,  2.6856e-06]],
       dtype=torch.float64)
torch auto grad for w
tensor([[ 1.9457e-05, -8.7202e-06,  1.7473e-05, -1.9457e-05, -1.9386e-05,
          1.5794e-05,  5.5139e-06,  1.9209e-05,  1.7268e-05, -1.8773e-05],
        [ 8.6881e-04, -3.8938e-04,  7.8022e-04, -8.6880e-04, -8.6562e-04,
          7.0523e-04,  2.4621e-04,  8.5771e-04,  7.7104e-04, -8.3827e-04],
        [-8.3514e-05,  3.7429e-05, -7.4998e-05,  8.3513e-05,  8.3208e-05,
         -6.7790e-05, -2.3666e-05, -8.2447e-05, -7.4116e-05,  8.0578e-05],
        [-1.6830e-08,  7.5426e-09, -1.5114e-08,  1.6830e-08,  1.6768e-08,
         -1.3661e-08, -4.7693e-09, -1.6615e-08, -1.4936e-08,  1.6238e-08],
        [ 1.1451e-08, -5.1321e-09,  1.0283e-08, -1.1451e-08, -1.1409e-08,
          9.2951e-09,  3.2451e-09,  1.1305e-08,  1.0163e-08, -1.1049e-08],
        [ 4.5335e-04, -2.0318e-04,  4.0712e-04, -4.5334e-04, -4.5168e-04,
          3.6799e-04,  1.2847e-04,  4.4755e-04,  4.0233e-04, -4.3741e-04],
        [-4.3089e-05,  1.9311e-05, -3.8695e-05,  4.3088e-05,  4.2931e-05,
         -3.4976e-05, -1.2211e-05, -4.2538e-05, -3.8240e-05,  4.1574e-05],
        [-2.7834e-06,  1.2475e-06, -2.4996e-06,  2.7834e-06,  2.7732e-06,
         -2.2594e-06, -7.8877e-07, -2.7478e-06, -2.4702e-06,  2.6856e-06]],
       dtype=torch.float64)
mlp grad for b
tensor([[-1.9457e-05],
        [-8.6881e-04],
        [ 8.3514e-05],
        [ 1.6830e-08],
        [-1.1451e-08],
        [-4.5335e-04],
        [ 4.3089e-05],
        [ 2.7834e-06]], dtype=torch.float64)
torch auto grad for b
tensor([[-1.9457e-05],
        [-8.6881e-04],
        [ 8.3514e-05],
        [ 1.6830e-08],
        [-1.1451e-08],
        [-4.5335e-04],
        [ 4.3089e-05],
        [ 2.7834e-06]], dtype=torch.float64)
layer 3
mlp grad for w
tensor([[-2.3585e-09,  7.3857e-10, -1.8014e-09, -2.3896e-09, -2.3897e-09,
          1.9788e-10,  2.3076e-09, -2.3726e-09],
        [ 9.2211e-09, -2.8876e-09,  7.0431e-09,  9.3427e-09,  9.3429e-09,
         -7.7365e-10, -9.0220e-09,  9.2761e-09],
        [ 5.2871e-05, -1.6557e-05,  4.0383e-05,  5.3569e-05,  5.3570e-05,
         -4.4359e-06, -5.1730e-05,  5.3187e-05],
        [ 3.5748e-10, -1.1194e-10,  2.7304e-10,  3.6219e-10,  3.6220e-10,
         -2.9992e-11, -3.4976e-10,  3.5961e-10],
        [ 1.4881e-04, -4.6599e-05,  1.1366e-04,  1.5077e-04,  1.5077e-04,
         -1.2485e-05, -1.4559e-04,  1.4969e-04],
        [-9.1517e-07,  2.8659e-07, -6.9901e-07, -9.2724e-07, -9.2726e-07,
          7.6783e-08,  8.9542e-07, -9.2063e-07],
        [ 2.1927e-04, -6.8665e-05,  1.6748e-04,  2.2216e-04,  2.2217e-04,
         -1.8397e-05, -2.1454e-04,  2.2058e-04],
        [ 3.7081e-08, -1.1612e-08,  2.8322e-08,  3.7570e-08,  3.7571e-08,
         -3.1111e-09, -3.6280e-08,  3.7302e-08]], dtype=torch.float64)
torch auto grad for w
tensor([[-2.3585e-09,  7.3857e-10, -1.8014e-09, -2.3896e-09, -2.3897e-09,
          1.9788e-10,  2.3076e-09, -2.3726e-09],
        [ 9.2211e-09, -2.8876e-09,  7.0431e-09,  9.3427e-09,  9.3429e-09,
         -7.7365e-10, -9.0220e-09,  9.2761e-09],
        [ 5.2871e-05, -1.6557e-05,  4.0383e-05,  5.3569e-05,  5.3570e-05,
         -4.4359e-06, -5.1730e-05,  5.3187e-05],
        [ 3.5748e-10, -1.1194e-10,  2.7304e-10,  3.6219e-10,  3.6220e-10,
         -2.9992e-11, -3.4976e-10,  3.5961e-10],
        [ 1.4881e-04, -4.6599e-05,  1.1366e-04,  1.5077e-04,  1.5077e-04,
         -1.2485e-05, -1.4559e-04,  1.4969e-04],
        [-9.1517e-07,  2.8659e-07, -6.9901e-07, -9.2724e-07, -9.2726e-07,
          7.6783e-08,  8.9542e-07, -9.2063e-07],
        [ 2.1927e-04, -6.8665e-05,  1.6748e-04,  2.2216e-04,  2.2217e-04,
         -1.8397e-05, -2.1454e-04,  2.2058e-04],
        [ 3.7081e-08, -1.1612e-08,  2.8322e-08,  3.7570e-08,  3.7571e-08,
         -3.1111e-09, -3.6280e-08,  3.7302e-08]], dtype=torch.float64)
mlp grad for b
tensor([[-2.3897e-09],
        [ 9.3430e-09],
        [ 5.3570e-05],
        [ 3.6220e-10],
        [ 1.5077e-04],
        [-9.2727e-07],
        [ 2.2217e-04],
        [ 3.7571e-08]], dtype=torch.float64)
torch auto grad for b
tensor([[-2.3897e-09],
        [ 9.3430e-09],
        [ 5.3570e-05],
        [ 3.6220e-10],
        [ 1.5077e-04],
        [-9.2727e-07],
        [ 2.2217e-04],
        [ 3.7571e-08]], dtype=torch.float64)
layer 4
mlp grad for w
tensor([[ 3.1321e-05,  3.1321e-05, -3.0664e-05, -3.1321e-05, -3.0063e-05,
          3.1284e-05, -3.0119e-05,  3.1320e-05],
        [ 4.6671e-06,  4.6671e-06, -4.5693e-06, -4.6671e-06, -4.4796e-06,
          4.6616e-06, -4.4881e-06,  4.6670e-06],
        [-5.1627e-04, -5.1627e-04,  5.0545e-04,  5.1627e-04,  4.9554e-04,
         -5.1567e-04,  4.9647e-04, -5.1627e-04],
        [ 4.8029e-04,  4.8029e-04, -4.7022e-04, -4.8029e-04, -4.6099e-04,
          4.7973e-04, -4.6186e-04,  4.8028e-04]], dtype=torch.float64)
torch auto grad for w
tensor([[ 3.1321e-05,  3.1321e-05, -3.0664e-05, -3.1321e-05, -3.0063e-05,
          3.1284e-05, -3.0119e-05,  3.1320e-05],
        [ 4.6671e-06,  4.6671e-06, -4.5693e-06, -4.6671e-06, -4.4796e-06,
          4.6616e-06, -4.4881e-06,  4.6670e-06],
        [-5.1627e-04, -5.1627e-04,  5.0545e-04,  5.1627e-04,  4.9554e-04,
         -5.1567e-04,  4.9647e-04, -5.1627e-04],
        [ 4.8029e-04,  4.8029e-04, -4.7022e-04, -4.8029e-04, -4.6099e-04,
          4.7973e-04, -4.6186e-04,  4.8028e-04]], dtype=torch.float64)
mlp grad for b
tensor([[ 3.1321e-05],
        [ 4.6671e-06],
        [-5.1627e-04],
        [ 4.8029e-04]], dtype=torch.float64)
torch auto grad for b
tensor([[ 3.1321e-05],
        [ 4.6671e-06],
        [-5.1627e-04],
        [ 4.8029e-04]], dtype=torch.float64)
