w[1]=
[[-0.27763758 -0.13177916 -1.99016838 -2.10773093 -0.0134519   0.96730575
   2.00933427 -0.65945053 -0.9702496  -0.55966388]
 [-2.69364196 -0.45528174  0.76758551  1.92840008 -0.17426736  1.7810065
  -0.25486737 -0.72498822 -0.59385112  0.28620328]
 [-0.17057625  0.51982925 -0.49185795  0.9928277  -0.39651946 -1.02571681
   0.60166646 -0.9731959  -2.11131021  1.3735617 ]
 [ 1.70451661  2.49321449  1.3536435   0.07877109  1.59396654  0.733802
  -2.28369864  0.89369945 -0.00710366  0.07120367]
 [ 0.86373317  0.19832009  1.7825328   0.27114375 -0.09153661  0.59291285
  -0.21245541 -1.95254075  1.26355691  0.56388619]
 [ 1.80425821 -0.13324681 -0.17459183 -0.39799123 -0.13855407 -0.38245164
   0.80052427  0.25143499 -0.85309224  1.91913159]
 [-1.41050618 -0.98819567  0.61621885  0.36673261 -2.00690947 -0.26987126
  -0.52644397  0.94462977 -0.42658124  1.55491767]
 [ 0.36365618 -0.5048735  -0.48867086  0.97236518 -2.74182143 -0.78204412
  -0.44084383  1.15910757 -0.36312181  2.18681028]
 [-3.36053748  0.33849701  0.53511648 -0.52142237  0.21644464 -0.30703216
   0.34812944 -0.2100311  -1.72500562 -0.40521775]
 [ 2.42618389  0.03140831  0.72503958 -0.83218529 -0.40968496  0.74721248
  -1.04788744  0.80985516 -1.47056602 -0.0931549 ]]
b[1]=
[[ 0.24372719]
 [-0.75564603]
 [ 0.80333067]
 [-1.5420253 ]
 [ 1.37792348]
 [ 1.55097046]
 [ 1.18391454]
 [-0.0890484 ]
 [ 0.33616098]
 [ 0.73306434]]
w[2]=
[[-1.88365317e-02 -3.54801077e-01 -1.54950243e+00  5.18289676e-01
  -1.32371282e+00 -1.28349487e+00 -5.11275930e-01 -3.72175040e-01
  -1.34393843e-01 -7.77701079e-01]
 [ 1.97483919e+00  2.13262345e+00 -4.26270417e-01  8.98784253e-01
  -7.68290157e-01 -7.49190529e-01  1.51647739e+00  1.12579881e+00
  -2.27211586e+00 -3.94155779e-01]
 [-4.62337323e-01  1.58181607e-01  7.42486279e-01 -1.25863757e+00
  -1.24286723e+00 -1.45510129e+00 -2.00691973e+00  1.23714670e+00
  -2.16877311e-01  2.52087209e+00]
 [-2.22366711e+00  9.02246380e-01 -1.28132724e+00 -2.61702443e-02
  -1.76808468e+00 -1.04487024e+00 -1.01061518e+00 -4.62442224e-01
  -1.84492893e+00 -1.34348964e-01]
 [-7.69015387e-01 -2.24886715e-01  5.32179167e-01  4.89596993e-01
   5.25252165e-01 -2.43210776e-01  1.10346636e+00 -7.27635707e-01
  -1.01450084e+00  2.60232050e+00]
 [ 5.28551066e-01 -6.18523545e-01  2.63323124e+00 -6.30829846e-01
  -9.16436129e-01 -2.57356189e+00  4.47613113e-01 -1.19191882e+00
  -6.08221729e-01  1.02096221e+00]
 [ 1.13031720e+00 -8.34035043e-02 -1.73443605e-01  6.11122561e-01
   2.04146372e+00 -6.10731224e-01  7.26668252e-01  2.14331820e+00
   1.40599188e+00  1.10092045e-03]
 [-1.07159705e+00 -6.74328215e-01 -9.60233615e-01 -1.23503215e+00
  -6.77676160e-01 -1.18918241e+00  1.10301502e+00  1.80025441e-01
   1.52296160e-01  1.80393470e+00]]
b[2]=
[[ 1.13907242]
 [-0.51959541]
 [ 0.45900093]
 [ 0.43031676]
 [ 0.77711038]
 [-0.03228182]
 [-0.58377049]
 [ 1.01261355]]
w[3]=
[[ 0.89950061  0.57014557  1.75517382  1.1052431   0.86254548  0.90270622
   0.895782    3.67542032]
 [ 2.40349304  1.8226212   2.4630251   0.06834409  0.58449133  0.00403376
  -1.81144454  1.28841913]
 [ 1.48056942 -2.69376365  0.25583422 -1.82422441 -0.57146017 -1.72716478
   2.13223286  0.22098761]
 [-1.50720542  2.82804951 -1.2198619  -0.40148648 -1.60678359  0.23273307
   1.89902783 -1.06429592]
 [-1.26367966 -2.79045068  2.18915405  0.82723988 -1.84813471  1.28946848
   0.42848861 -1.91090671]
 [ 0.38586122 -0.2181766   1.43158754 -2.54901937  1.74035112  0.80061969
  -0.34039572  1.44431676]
 [-2.87622998 -1.78190413 -0.67097735  1.04819442 -0.67527254 -2.5095816
   2.06618083  2.12740289]
 [ 1.0658855   3.5667683   1.21620007 -1.0489208   0.118288   -1.9857766
  -1.90194888  1.46654223]]
b[3]=
[[ 0.8827086 ]
 [-0.15804035]
 [-0.66842402]
 [-0.1770155 ]
 [ 0.22936263]
 [ 1.30724564]
 [ 0.12879683]
 [ 2.68609022]]
w[4]=
[[ 2.03570412 -1.72806079 -1.30638525  3.62344399  4.23777328 -3.03103055
  -3.34860952  0.50834019]
 [ 1.45969524 -1.1036118   5.15656284  0.47939033  1.47599567 -2.74822728
  -0.64534089  5.13502722]
 [ 0.17965705 -3.59892963 -2.0036839  -3.28999829 -4.44721937  2.94889336
  -1.29494511 -2.84872358]
 [-4.86571834  4.77974608  0.57056088 -0.22255717 -1.08319787  2.56733156
   4.98045406  0.58256288]]
b[4]=
[[ 1.08253476]
 [-2.64657636]
 [-1.39308155]
 [-0.5658774 ]]
